<?xml version="1.0" encoding="UTF-8"?>
<!-- Generated by org.testng.reporters.JUnitReportReporter -->
<testsuite hostname="DESKTOP-LS62KJE" failures="0" tests="4" name="allTest.CucumberRunner" time="46.616" errors="0" timestamp="2023-06-25T16:43:13 IST" skipped="0">
  <testcase classname="allTest.CucumberRunner" name="runScenario" time="2.362"/>
  <testcase classname="allTest.CucumberRunner" name="runScenario" time="33.534"/>
  <testcase classname="allTest.CucumberRunner" name="runScenario" time="5.796"/>
  <testcase classname="allTest.CucumberRunner" name="runScenario" time="4.924"/>
</testsuite> <!-- allTest.CucumberRunner -->
